
[2052-11-10 00:00:02.579] [Stability] class=1 rebase: roll=-3.4  pitch=12.2  yaw=60.7
[2052-11-10 00:00:02.619] [Stability] class=1 rebase: roll=-3.4  pitch=12.2  yaw=60.7
[2052-11-10 00:00:02.659] [Stability] class=1 rebase: roll=-3.4  pitch=12.2  yaw=60.7
[2052-11-10 00:00:02.699] [Stability] class=1 rebase: roll=-3.4  pitch=12.2  yaw=60.7
[2052-11-10 00:00:02.739] [Stability] class=1 rebase: roll=-3.4  pitch=12.2  yaw=60.7
[2052-11-10 00:00:02.780] [Stability] class=1 rebase: roll=-3.4  pitch=12.2  yaw=60.7
[2052-11-10 00:00:02.820] [Stability] class=1 rebase: roll=-3.4  pitch=12.2  yaw=60.7
[2052-11-10 00:00:02.860] [Stability] class=1 rebase: roll=-3.4  pitch=12.2  yaw=60.7
[2052-11-10 00:00:02.899] [Stability] class=1 rebase: roll=-3.4  pitch=12.2  yaw=60.7
[2052-11-10 00:00:02.938] [Stability] class=1 rebase: roll=-3.4  pitch=12.2  yaw=60.7
[2052-11-10 00:00:02.977] [Stability] class=1 rebase: roll=-3.4  pitch=12.2  yaw=60.7
[2052-11-10 00:00:03.019] [Stability] class=1 rebase: roll=-3.4  pitch=12.2  yaw=60.7
[2052-11-10 00:00:03.061] [Stability] class=1 rebase: roll=-3.4  pitch=12.1  yaw=60.7
[2052-11-10 00:00:03.099] [Stability] class=1 rebase: roll=-3.4  pitch=12.1  yaw=60.7
[2052-11-10 00:00:03.139] [Stability] class=1 rebase: roll=-3.4  pitch=12.1  yaw=60.7
[2052-11-10 00:00:03.179] [Stability] class=1 rebase: roll=-3.4  pitch=12.1  yaw=60.7
[2052-11-10 00:00:03.219] [Stability] class=1 rebase: roll=-3.4  pitch=12.1  yaw=60.7
[2052-11-10 00:00:03.258] [Stability] class=1 rebase: roll=-3.4  pitch=12.1  yaw=60.7
[2052-11-10 00:00:03.298] [Stability] class=1 rebase: roll=-3.4  pitch=12.1  yaw=60.7
[2052-11-10 00:00:03.338] [Stability] class=1 rebase: roll=-3.4  pitch=12.1  yaw=60.7
[2052-11-10 00:00:03.379] [Stability] class=1 rebase: roll=-3.4  pitch=12.1  yaw=60.7
[2052-11-10 00:00:03.419] [Stability] class=1 rebase: roll=-3.4  pitch=12.1  yaw=60.7
[2052-11-10 00:00:03.458] [Stability] class=1 rebase: roll=-3.4  pitch=12.1  yaw=60.7
[2052-11-10 00:00:03.499] [Stability] class=1 rebase: roll=-3.4  pitch=12.1  yaw=60.7
[2052-11-10 00:00:03.539] [Stability] class=1 rebase: roll=-3.4  pitch=12.1  yaw=60.7
[2052-11-10 00:00:03.580] [Stability] class=1 rebase: roll=-3.4  pitch=12.1  yaw=60.7
[2052-11-10 00:00:03.619] [Stability] class=1 rebase: roll=-3.4  pitch=12.1  yaw=60.7
[2052-11-10 00:00:03.658] [Stability] class=1 rebase: roll=-3.4  pitch=12.1  yaw=60.7
[2052-11-10 00:00:03.698] [Stability] class=1 rebase: roll=-3.4  pitch=12.1  yaw=60.7
[2052-11-10 00:00:03.738] [Stability] class=1 rebase: roll=-3.4  pitch=12.1  yaw=60.7
[2052-11-10 00:00:03.779] [Stability] class=1 rebase: roll=-3.4  pitch=12.1  yaw=60.7
[2052-11-10 00:00:03.821] [Stability] class=1 rebase: roll=-3.4  pitch=12.1  yaw=60.7
[2052-11-10 00:00:03.859] [Stability] class=1 rebase: roll=-3.4  pitch=12.1  yaw=60.7
[2052-11-10 00:00:03.899] [Stability] class=1 rebase: roll=-3.4  pitch=12.1  yaw=60.7
[2052-11-10 00:00:03.939] [Stability] class=1 rebase: roll=-3.4  pitch=12.1  yaw=60.7
[2052-11-10 00:00:03.979] [Stability] class=1 rebase: roll=-3.4  pitch=12.1  yaw=60.7
[2052-11-10 00:00:04.018] [Stability] class=1 rebase: roll=-3.4  pitch=12.1  yaw=60.7
[2052-11-10 00:00:04.057] [Stability] class=1 rebase: roll=-3.4  pitch=12.1  yaw=60.7
[2052-11-10 00:00:04.098] [Stability] class=1 rebase: roll=-3.4  pitch=12.1  yaw=60.7
[2052-11-10 00:00:04.138] [Stability] class=1 rebase: roll=-3.4  pitch=12.1  yaw=60.7
[2052-11-10 00:00:04.178] [Stability] class=1 rebase: roll=-3.4  pitch=12.1  yaw=60.7
[2052-11-10 00:00:04.219] [Stability] class=1 rebase: roll=-3.4  pitch=12.1  yaw=60.7
[2052-11-10 00:00:04.259] [Stability] class=1 rebase: roll=-3.4  pitch=12.1  yaw=60.7
[2052-11-10 00:00:04.298] [Stability] class=1 rebase: roll=-3.4  pitch=12.1  yaw=60.7
[2052-11-10 00:00:04.339] [Stability] class=1 rebase: roll=-3.4  pitch=12.1  yaw=60.7
[2052-11-10 00:00:04.378] [Stability] class=1 rebase: roll=-3.4  pitch=12.1  yaw=60.7
[2052-11-10 00:00:04.417] [Stability] class=1 rebase: roll=-3.4  pitch=12.1  yaw=60.7
[2052-11-10 00:00:04.458] [Stability] class=1 rebase: roll=-3.4  pitch=12.1  yaw=60.7
[2052-11-10 00:00:04.499] [Stability] class=1 rebase: roll=-3.4  pitch=12.1  yaw=60.7
[2052-11-10 00:00:04.539] [Stability] class=1 rebase: roll=-3.4  pitch=12.1  yaw=60.7
[2052-11-10 00:00:04.578] [Stability] class=1 rebase: roll=-3.4  pitch=12.1  yaw=60.7
[2052-11-10 00:00:04.619] [Stability] class=1 rebase: roll=-3.4  pitch=12.1  yaw=60.7
[2052-11-10 00:00:04.659] [Stability] class=1 rebase: roll=-3.4  pitch=12.1  yaw=60.7
[2052-11-10 00:00:04.699] [Stability] class=1 rebase: roll=-3.4  pitch=12.1  yaw=60.7
[2052-11-10 00:00:04.738] [Stability] class=1 rebase: roll=-3.4  pitch=12.1  yaw=60.7
[2052-11-10 00:00:04.777] [Stability] class=1 rebase: roll=-3.4  pitch=12.1  yaw=60.7
[2052-11-10 00:00:04.819] [Stability] class=1 rebase: roll=-3.4  pitch=12.1  yaw=60.7
[2052-11-10 00:00:04.859] [Stability] class=1 rebase: roll=-3.4  pitch=12.1  yaw=60.7
[2052-11-10 00:00:04.899] [Stability] class=1 rebase: roll=-3.4  pitch=12.1  yaw=60.7
[2052-11-10 00:00:04.939] [Stability] class=1 rebase: roll=-3.4  pitch=12.1  yaw=60.7
[2052-11-10 00:00:04.979] [Stability] class=1 rebase: roll=-3.4  pitch=12.1  yaw=60.7
[2052-11-10 00:00:05.019] [Stability] class=1 rebase: roll=-3.4  pitch=12.1  yaw=60.7
[2052-11-10 00:00:05.059] [Stability] class=1 rebase: roll=-3.4  pitch=12.1  yaw=60.7
[2052-11-10 00:00:05.098] [Stability] class=1 rebase: roll=-3.4  pitch=12.1  yaw=60.7
[2052-11-10 00:00:05.137] [Stability] class=1 rebase: roll=-3.4  pitch=12.1  yaw=60.7
[2052-11-10 00:00:05.176] [Stability] class=1 rebase: roll=-3.4  pitch=12.1  yaw=60.7
[2052-11-10 00:00:05.218] [Stability] class=1 rebase: roll=-3.4  pitch=12.1  yaw=60.7
[2052-11-10 00:00:05.258] [Stability] class=1 rebase: roll=-3.4  pitch=12.1  yaw=60.7
[2052-11-10 00:00:05.298] [Stability] class=1 rebase: roll=-3.4  pitch=12.1  yaw=60.7
[2052-11-10 00:00:05.339] [Stability] class=1 rebase: roll=-3.4  pitch=12.1  yaw=60.7
[2052-11-10 00:00:05.378] [Stability] class=1 rebase: roll=-3.4  pitch=12.1  yaw=60.7
[2052-11-10 00:00:05.418] [Stability] class=1 rebase: roll=-3.4  pitch=12.1  yaw=60.7
[2052-11-10 00:00:05.458] [Stability] class=1 rebase: roll=-3.4  pitch=12.1  yaw=60.7
[2052-11-10 00:00:05.498] [Stability] class=1 rebase: roll=-3.4  pitch=12.1  yaw=60.7
[2052-11-10 00:00:05.538] [Stability] class=1 rebase: roll=-3.4  pitch=12.1  yaw=60.7
[2052-11-10 00:00:05.579] [Stability] class=1 rebase: roll=-3.4  pitch=12.1  yaw=60.7
[2052-11-10 00:00:05.618] [Stability] class=1 rebase: roll=-3.4  pitch=12.1  yaw=60.7
[2052-11-10 00:00:05.657] [Stability] class=1 rebase: roll=-3.4  pitch=12.1  yaw=60.7
[2052-11-10 00:00:05.698] [Stability] class=1 rebase: roll=-3.4  pitch=12.1  yaw=60.7
[2052-11-10 00:00:05.739] [Stability] class=1 rebase: roll=-3.4  pitch=12.1  yaw=60.7
[2052-11-10 00:00:05.778] [Stability] class=1 rebase: roll=-3.4  pitch=12.1  yaw=60.7
[2052-11-10 00:00:05.819] [Stability] class=1 rebase: roll=-3.4  pitch=12.1  yaw=60.7
[2052-11-10 00:00:05.857] [Stability] class=1 rebase: roll=-3.4  pitch=12.1  yaw=60.7
[2052-11-10 00:00:05.899] [Stability] class=1 rebase: roll=-3.4  pitch=12.1  yaw=60.7
[2052-11-10 00:00:05.937] [Stability] class=1 rebase: roll=-3.4  pitch=12.1  yaw=60.7
[2052-11-10 00:00:05.978] [Stability] class=1 rebase: roll=-3.4  pitch=12.1  yaw=60.7
[2052-11-10 00:00:06.018] [Stability] class=1 rebase: roll=-3.4  pitch=12.1  yaw=60.7
[2052-11-10 00:00:06.058] [Stability] class=1 rebase: roll=-3.4  pitch=12.1  yaw=60.7
[2052-11-10 00:00:06.098] [Stability] class=1 rebase: roll=-3.4  pitch=12.1  yaw=60.7
[2052-11-10 00:00:06.138] [Stability] class=1 rebase: roll=-3.4  pitch=12.1  yaw=60.7
[2052-11-10 00:00:06.178] [Stability] class=1 rebase: roll=-3.4  pitch=12.1  yaw=60.7
[2052-11-10 00:00:06.217] [Stability] class=1 rebase: roll=-3.4  pitch=12.1  yaw=60.7
[2052-11-10 00:00:06.257] [Stability] class=1 rebase: roll=-3.4  pitch=12.1  yaw=60.7
[2052-11-10 00:00:06.297] [Stability] class=1 rebase: roll=-3.4  pitch=12.1  yaw=60.7
[2052-11-10 00:00:06.337] [Stability] class=1 rebase: roll=-3.4  pitch=12.1  yaw=60.7
[2052-11-10 00:00:06.377] [Stability] class=1 rebase: roll=-3.4  pitch=12.1  yaw=60.7
[2052-11-10 00:00:06.419] [Stability] class=1 rebase: roll=-3.4  pitch=12.1  yaw=60.7
[2052-11-10 00:00:06.458] [Stability] class=1 rebase: roll=-3.4  pitch=12.1  yaw=60.7
[2052-11-10 00:00:06.498] [Stability] class=1 rebase: roll=-3.4  pitch=12.1  yaw=60.7
[2052-11-10 00:00:06.538] [Stability] class=1 rebase: roll=-3.4  pitch=12.1  yaw=60.7
[2052-11-10 00:00:06.578] [Stability] class=1 rebase: roll=-3.4  pitch=12.1  yaw=60.7
[2052-11-10 00:00:06.617] [Stability] class=1 rebase: roll=-3.4  pitch=12.1  yaw=60.7
[2052-11-10 00:00:06.657] [Stability] class=1 rebase: roll=-3.4  pitch=12.1  yaw=60.7
[2052-11-10 00:00:06.698] [Stability] class=1 rebase: roll=-3.4  pitch=12.1  yaw=60.7
[2052-11-10 00:00:06.738] [Stability] class=1 rebase: roll=-3.4  pitch=12.1  yaw=60.7
[2052-11-10 00:00:06.778] [Stability] class=1 rebase: roll=-3.4  pitch=12.1  yaw=60.7
[2052-11-10 00:00:06.818] [Stability] class=1 rebase: roll=-3.4  pitch=12.1  yaw=60.7
[2052-11-10 00:00:06.858] [Stability] class=1 rebase: roll=-3.4  pitch=12.1  yaw=60.7
[2052-11-10 00:00:06.898] [Stability] class=1 rebase: roll=-3.4  pitch=12.1  yaw=60.7
[2052-11-10 00:00:06.938] [Stability] class=1 rebase: roll=-3.4  pitch=12.1  yaw=60.7
[2052-11-10 00:00:06.977] [Stability] class=1 rebase: roll=-3.4  pitch=12.1  yaw=60.7
[2052-11-10 00:00:07.017] [Stability] class=1 rebase: roll=-3.4  pitch=12.1  yaw=60.7
[2052-11-10 00:00:07.057] [Stability] class=1 rebase: roll=-3.4  pitch=12.1  yaw=60.7
[2052-11-10 00:00:07.097] [Stability] class=1 rebase: roll=-3.4  pitch=12.1  yaw=60.7
[2052-11-10 00:00:07.137] [Stability] class=1 rebase: roll=-3.4  pitch=12.1  yaw=60.7
[2052-11-10 00:00:07.178] [Stability] class=1 rebase: roll=-3.4  pitch=12.1  yaw=60.7
[2052-11-10 00:00:07.217] [Stability] class=1 rebase: roll=-3.4  pitch=12.1  yaw=60.7
[2052-11-10 00:00:07.257] [Stability] class=1 rebase: roll=-3.4  pitch=12.1  yaw=60.7
[2052-11-10 00:00:07.297] [Stability] class=1 rebase: roll=-3.4  pitch=12.1  yaw=60.7
[2052-11-10 00:00:07.336] [Stability] class=1 rebase: roll=-3.4  pitch=12.1  yaw=60.7
[2052-11-10 00:00:07.375] [Stability] class=1 rebase: roll=-3.4  pitch=12.1  yaw=60.7
[2052-11-10 00:00:07.417] [Stability] class=1 rebase: roll=-3.4  pitch=12.1  yaw=60.7
[2052-11-10 00:00:07.458] [Stability] class=1 rebase: roll=-3.4  pitch=12.1  yaw=60.7
[2052-11-10 00:00:07.498] [Stability] class=1 rebase: roll=-3.4  pitch=12.1  yaw=60.7
[2052-11-10 00:00:07.538] [Stability] class=1 rebase: roll=-3.4  pitch=12.1  yaw=60.7
[2052-11-10 00:00:07.578] [Stability] class=1 rebase: roll=-3.4  pitch=12.1  yaw=60.7
[2052-11-10 00:00:07.618] [Stability] class=1 rebase: roll=-3.4  pitch=12.1  yaw=60.7
[2052-11-10 00:00:07.657] [Stability] class=1 rebase: roll=-3.4  pitch=12.1  yaw=60.7
[2052-11-10 00:00:07.696] [Stability] class=1 rebase: roll=-3.4  pitch=12.1  yaw=60.7
[2052-11-10 00:00:07.736] [Stability] class=1 rebase: roll=-3.4  pitch=12.1  yaw=60.7
[2052-11-10 00:00:07.776] [Stability] class=1 rebase: roll=-3.4  pitch=12.1  yaw=60.7
[2052-11-10 00:00:07.817] [Stability] class=1 rebase: roll=-3.4  pitch=12.1  yaw=60.7
[2052-11-10 00:00:07.857] [Stability] class=1 rebase: roll=-3.4  pitch=12.1  yaw=60.7
[2052-11-10 00:00:07.897] [Stability] class=1 rebase: roll=-3.4  pitch=12.1  yaw=60.7
[2052-11-10 00:00:07.937] [Stability] class=1 rebase: roll=-3.4  pitch=12.1  yaw=60.7
[2052-11-10 00:00:07.977] [Stability] class=1 rebase: roll=-3.4  pitch=12.1  yaw=60.7
[2052-11-10 00:00:08.017] [Stability] class=1 rebase: roll=-3.4  pitch=12.1  yaw=60.7
[2052-11-10 00:00:08.056] [Stability] class=1 rebase: roll=-3.4  pitch=12.1  yaw=60.7
[2052-11-10 00:00:08.096] [Stability] class=1 rebase: roll=-3.4  pitch=12.1  yaw=60.7
[2052-11-10 00:00:08.137] [Stability] class=1 rebase: roll=-3.4  pitch=12.1  yaw=60.7
[2052-11-10 00:00:08.177] [Stability] class=1 rebase: roll=-3.4  pitch=12.1  yaw=60.7
[2052-11-10 00:00:08.218] [Stability] class=1 rebase: roll=-3.4  pitch=12.1  yaw=60.7
[2052-11-10 00:00:08.257] [Stability] class=1 rebase: roll=-3.4  pitch=12.1  yaw=60.7
[2052-11-10 00:00:08.297] [Stability] class=1 rebase: roll=-3.4  pitch=12.1  yaw=60.7
[2052-11-10 00:00:08.336] [Stability] class=1 rebase: roll=-3.4  pitch=12.1  yaw=60.7
[2052-11-10 00:00:08.377] [Stability] class=1 rebase: roll=-3.4  pitch=12.1  yaw=60.7
[2052-11-10 00:00:08.416] [Stability] class=1 rebase: roll=-3.4  pitch=12.1  yaw=60.7
[2052-11-10 00:00:08.457] [Stability] class=1 rebase: roll=-3.4  pitch=12.1  yaw=60.7
[2052-11-10 00:00:08.497] [Stability] class=1 rebase: roll=-3.4  pitch=12.1  yaw=60.7
[2052-11-10 00:00:08.537] [Stability] class=1 rebase: roll=-3.4  pitch=12.1  yaw=60.7
[2052-11-10 00:00:08.577] [Stability] class=1 rebase: roll=-3.4  pitch=12.1  yaw=60.7
[2052-11-10 00:00:08.617] [Stability] class=1 rebase: roll=-3.4  pitch=12.1  yaw=60.7
[2052-11-10 00:00:08.657] [Stability] class=1 rebase: roll=-3.4  pitch=12.1  yaw=60.7
[2052-11-10 00:00:08.697] [Stability] class=1 rebase: roll=-3.4  pitch=12.1  yaw=60.7
[2052-11-10 00:00:08.737] [Stability] class=1 rebase: roll=-3.4  pitch=12.1  yaw=60.7
[2052-11-10 00:00:08.777] [Stability] class=1 rebase: roll=-3.4  pitch=12.1  yaw=60.7
[2052-11-10 00:00:08.816] [Stability] class=1 rebase: roll=-3.4  pitch=12.1  yaw=60.7
[2052-11-10 00:00:08.856] [Stability] class=1 rebase: roll=-3.4  pitch=12.1  yaw=60.7
[2052-11-10 00:00:08.896] [Stability] class=1 rebase: roll=-3.4  pitch=12.1  yaw=60.7
[2052-11-10 00:00:08.937] [Stability] class=1 rebase: roll=-3.4  pitch=12.1  yaw=60.7
[2052-11-10 00:00:08.976] [Stability] class=1 rebase: roll=-3.4  pitch=12.1  yaw=60.7
[2052-11-10 00:00:09.017] [Stability] class=1 rebase: roll=-3.4  pitch=12.1  yaw=60.7
[2052-11-10 00:00:09.057] [Stability] class=1 rebase: roll=-3.4  pitch=12.1  yaw=60.7
[2052-11-10 00:00:09.097] [Stability] class=1 rebase: roll=-3.4  pitch=12.1  yaw=60.7
[2052-11-10 00:00:09.135] [Stability] class=1 rebase: roll=-3.4  pitch=12.1  yaw=60.7
[2052-11-10 00:00:09.175] [Stability] class=1 rebase: roll=-3.4  pitch=12.1  yaw=60.7
[2052-11-10 00:00:09.215] [Stability] class=1 rebase: roll=-3.4  pitch=12.1  yaw=60.7
[2052-11-10 00:00:09.257] [Stability] class=1 rebase: roll=-3.4  pitch=12.1  yaw=60.7
[2052-11-10 00:00:09.296] [Stability] class=1 rebase: roll=-3.4  pitch=12.1  yaw=60.7
[2052-11-10 00:00:09.336] [Stability] class=1 rebase: roll=-3.4  pitch=12.1  yaw=60.7
[2052-11-10 00:00:09.376] [Stability] class=1 rebase: roll=-3.4  pitch=12.1  yaw=60.7
[2052-11-10 00:00:09.416] [Stability] class=1 rebase: roll=-3.4  pitch=12.1  yaw=60.7
[2052-11-10 00:00:09.457] [Stability] class=1 rebase: roll=-3.4  pitch=12.1  yaw=60.7
[2052-11-10 00:00:09.497] [Stability] class=1 rebase: roll=-3.4  pitch=12.1  yaw=60.7
[2052-11-10 00:00:09.536] [Stability] class=1 rebase: roll=-3.4  pitch=12.1  yaw=60.7
[2052-11-10 00:00:09.575] [Stability] class=1 rebase: roll=-3.4  pitch=12.1  yaw=60.7
[2052-11-10 00:00:09.616] [Stability] class=1 rebase: roll=-3.4  pitch=12.1  yaw=60.7
[2052-11-10 00:00:09.657] [Stability] class=1 rebase: roll=-3.4  pitch=12.1  yaw=60.7
[2052-11-10 00:00:09.696] [Stability] class=1 rebase: roll=-3.4  pitch=12.1  yaw=60.7
[2052-11-10 00:00:09.737] [Stability] class=1 rebase: roll=-3.4  pitch=12.1  yaw=60.7
[2052-11-10 00:00:09.777] [Stability] class=1 rebase: roll=-3.4  pitch=12.1  yaw=60.7
[2052-11-10 00:00:09.817] [Stability] class=1 rebase: roll=-3.4  pitch=12.1  yaw=60.7
[2052-11-10 00:00:09.856] [Stability] class=1 rebase: roll=-3.4  pitch=12.1  yaw=60.7
[2052-11-10 00:00:09.895] [Stability] class=1 rebase: roll=-3.4  pitch=12.1  yaw=60.7
[2052-11-10 00:00:09.935] [Stability] class=1 rebase: roll=-3.4  pitch=12.1  yaw=60.7
[2052-11-10 00:00:09.975] [Stability] class=1 rebase: roll=-3.4  pitch=12.1  yaw=60.7
[2052-11-10 00:00:10.015] [Stability] class=1 rebase: roll=-3.4  pitch=12.1  yaw=60.7
[2052-11-10 00:00:10.056] [Stability] class=1 rebase: roll=-3.4  pitch=12.1  yaw=60.7
[2052-11-10 00:00:10.096] [Stability] class=1 rebase: roll=-3.4  pitch=12.1  yaw=60.7
[2052-11-10 00:00:10.136] [Stability] class=1 rebase: roll=-3.4  pitch=12.1  yaw=60.7
[2052-11-10 00:00:10.180] [Stability] class=1 rebase: roll=-3.4  pitch=12.1  yaw=60.7
[2052-11-10 00:00:10.216] [Stability] class=1 rebase: roll=-3.4  pitch=12.1  yaw=60.7
[2052-11-10 00:00:10.256] [Stability] class=1 rebase: roll=-3.4  pitch=12.1  yaw=60.7
[2052-11-10 00:00:10.295] [Stability] class=1 rebase: roll=-3.4  pitch=12.1  yaw=60.7
[2052-11-10 00:00:10.335] [Stability] class=1 rebase: roll=-3.4  pitch=12.1  yaw=60.7
[2052-11-10 00:00:10.376] [Stability] class=1 rebase: roll=-3.4  pitch=12.1  yaw=60.7
[2052-11-10 00:00:10.416] [Stability] class=1 rebase: roll=-3.4  pitch=12.1  yaw=60.7
[2052-11-10 00:00:10.456] [Stability] class=1 rebase: roll=-3.4  pitch=12.1  yaw=60.7
[2052-11-10 00:00:10.497] [Stability] class=1 rebase: roll=-3.4  pitch=12.1  yaw=60.7
[2052-11-10 00:00:10.537] [Stability] class=1 rebase: roll=-3.4  pitch=12.1  yaw=60.7
[2052-11-10 00:00:10.576] [Stability] class=1 rebase: roll=-3.4  pitch=12.1  yaw=60.7
[2052-11-10 00:00:10.616] [Stability] class=1 rebase: roll=-3.4  pitch=12.1  yaw=60.7
[2052-11-10 00:00:10.656] [Stability] class=1 rebase: roll=-3.4  pitch=12.1  yaw=60.7
[2052-11-10 00:00:10.695] [Stability] class=1 rebase: roll=-3.4  pitch=12.1  yaw=60.7
[2052-11-10 00:00:10.736] [Stability] class=1 rebase: roll=-3.4  pitch=12.1  yaw=60.7
[2052-11-10 00:00:10.777] [Stability] class=1 rebase: roll=-3.4  pitch=12.1  yaw=60.7
[2052-11-10 00:00:10.816] [Stability] class=1 rebase: roll=-3.4  pitch=12.1  yaw=60.7
[2052-11-10 00:00:10.857] [Stability] class=1 rebase: roll=-3.4  pitch=12.1  yaw=60.7
[2052-11-10 00:00:10.896] [Stability] class=1 rebase: roll=-3.4  pitch=12.1  yaw=60.7
[2052-11-10 00:00:10.937] [Stability] class=1 rebase: roll=-3.4  pitch=12.1  yaw=60.7
[2052-11-10 00:00:10.975] [Stability] class=1 rebase: roll=-3.4  pitch=12.1  yaw=60.7
[2052-11-10 00:00:11.015] [Stability] class=1 rebase: roll=-3.4  pitch=12.1  yaw=60.7
[2052-11-10 00:00:11.055] [Stability] class=1 rebase: roll=-3.4  pitch=12.1  yaw=60.7
[2052-11-10 00:00:11.096] [Stability] class=1 rebase: roll=-3.4  pitch=12.1  yaw=60.7
[2052-11-10 00:00:11.136] [Stability] class=1 rebase: roll=-3.4  pitch=12.1  yaw=60.7
[2052-11-10 00:00:11.175] [Stability] class=1 rebase: roll=-3.4  pitch=12.1  yaw=60.7
[2052-11-10 00:00:11.216] [Stability] class=1 rebase: roll=-3.4  pitch=12.1  yaw=60.7
[2052-11-10 00:00:11.256] [Stability] class=1 rebase: roll=-3.4  pitch=12.1  yaw=60.7
[2052-11-10 00:00:11.295] [Stability] class=1 rebase: roll=-3.4  pitch=12.1  yaw=60.7
[2052-11-10 00:00:11.336] [Stability] class=1 rebase: roll=-3.4  pitch=12.1  yaw=60.7
[2052-11-10 00:00:11.375] [Stability] class=1 rebase: roll=-3.4  pitch=12.1  yaw=60.7
[2052-11-10 00:00:11.415] [Stability] class=1 rebase: roll=-3.4  pitch=12.1  yaw=60.7
[2052-11-10 00:00:11.456] [Stability] class=1 rebase: roll=-3.4  pitch=12.1  yaw=60.7
[2052-11-10 00:00:11.496] [Stability] class=1 rebase: roll=-3.4  pitch=12.1  yaw=60.7
[2052-11-10 00:00:11.536] [Stability] class=1 rebase: roll=-3.4  pitch=12.1  yaw=60.7
[2052-11-10 00:00:11.576] [Stability] class=1 rebase: roll=-3.4  pitch=12.1  yaw=60.7
[2052-11-10 00:00:11.616] [Stability] class=1 rebase: roll=-3.4  pitch=12.1  yaw=60.7
[2052-11-10 00:00:11.656] [Stability] class=1 rebase: roll=-3.4  pitch=12.1  yaw=60.7
[2052-11-10 00:00:11.696] [Stability] class=1 rebase: roll=-3.4  pitch=12.1  yaw=60.7
[2052-11-10 00:00:11.735] [Stability] class=1 rebase: roll=-3.4  pitch=12.1  yaw=60.7
[2052-11-10 00:00:11.774] [Stability] class=1 rebase: roll=-3.4  pitch=12.1  yaw=60.7
[2052-11-10 00:00:11.816] [Stability] class=1 rebase: roll=-3.4  pitch=12.1  yaw=60.7
[2052-11-10 00:00:11.855] [Stability] class=1 rebase: roll=-3.4  pitch=12.1  yaw=60.7
[2052-11-10 00:00:11.895] [Stability] class=1 rebase: roll=-3.4  pitch=12.1  yaw=60.7
[2052-11-10 00:00:11.936] [Stability] class=1 rebase: roll=-3.4  pitch=12.1  yaw=60.7
[2052-11-10 00:00:11.976] [Stability] class=1 rebase: roll=-3.4  pitch=12.1  yaw=60.7
[2052-11-10 00:00:12.015] [Stability] class=1 rebase: roll=-3.4  pitch=12.1  yaw=60.7
[2052-11-10 00:00:12.056] [Stability] class=1 rebase: roll=-3.4  pitch=12.1  yaw=60.7
[2052-11-10 00:00:12.094] [Stability] class=1 rebase: roll=-3.4  pitch=12.1  yaw=60.7
[2052-11-10 00:00:12.134] [Stability] class=1 rebase: roll=-3.4  pitch=12.1  yaw=60.7
[2052-11-10 00:00:12.174] [Stability] class=1 rebase: roll=-3.4  pitch=12.1  yaw=60.7
[2052-11-10 00:00:12.215] [Stability] class=1 rebase: roll=-3.4  pitch=12.1  yaw=60.7
[2052-11-10 00:00:12.255] [Stability] class=1 rebase: roll=-3.4  pitch=12.1  yaw=60.7
[2052-11-10 00:00:12.296] [Stability] class=1 rebase: roll=-3.4  pitch=12.1  yaw=60.7
[2052-11-10 00:00:12.335] [Stability] class=1 rebase: roll=-3.4  pitch=12.1  yaw=60.7
[2052-11-10 00:00:12.375] [Stability] class=1 rebase: roll=-3.4  pitch=12.1  yaw=60.7
[2052-11-10 00:00:12.416] [Stability] class=1 rebase: roll=-3.4  pitch=12.1  yaw=60.7
[2052-11-10 00:00:12.456] [Stability] class=1 rebase: roll=-3.4  pitch=12.1  yaw=60.7
[2052-11-10 00:00:12.495] [Stability] class=1 rebase: roll=-3.4  pitch=12.1  yaw=60.7
[2052-11-10 00:00:12.535] [Stability] class=1 rebase: roll=-3.4  pitch=12.1  yaw=60.7
[2052-11-10 00:00:12.576] [Stability] class=1 rebase: roll=-3.4  pitch=12.1  yaw=60.7
[2052-11-10 00:00:12.615] [Stability] class=1 rebase: roll=-3.4  pitch=12.1  yaw=60.7
[2052-11-10 00:00:12.655] [Stability] class=1 rebase: roll=-3.4  pitch=12.1  yaw=60.7
[2052-11-10 00:00:12.696] [Stability] class=1 rebase: roll=-3.4  pitch=12.1  yaw=60.7
[2052-11-10 00:00:12.736] [Stability] class=1 rebase: roll=-3.4  pitch=12.1  yaw=60.7
[2052-11-10 00:00:12.775] [Stability] class=1 rebase: roll=-3.4  pitch=12.1  yaw=60.7
[2052-11-10 00:00:12.815] [Stability] class=1 rebase: roll=-3.4  pitch=12.1  yaw=60.7
[2052-11-10 00:00:12.826] BLE connected. conn_hdl=0 peers=1
[2052-11-10 00:00:12.826] [Settings] current: threshold=15.0 deg  debounce=200 ms  deadzone=5.0 deg
[2052-11-10 00:00:12.854] [Stability] class=1 rebase: roll=-3.4  pitch=12.1  yaw=60.7
[2052-11-10 00:00:12.893] [Stability] class=1 rebase: roll=-3.4  pitch=12.1  yaw=60.7
[2052-11-10 00:00:12.935] [Stability] class=1 rebase: roll=-3.4  pitch=12.1  yaw=60.7
[2052-11-10 00:00:12.975] [Stability] class=1 rebase: roll=-3.4  pitch=12.1  yaw=60.7
[2052-11-10 00:00:13.015] [Stability] class=1 rebase: roll=-3.4  pitch=12.1  yaw=60.7
[2052-11-10 00:00:13.055] [Stability] class=1 rebase: roll=-3.4  pitch=12.1  yaw=60.7
[2052-11-10 00:00:13.095] [Stability] class=1 rebase: roll=-3.4  pitch=12.1  yaw=60.7
[2052-11-10 00:00:13.135] [Stability] class=1 rebase: roll=-3.4  pitch=12.1  yaw=60.7
[2052-11-10 00:00:13.175] [Stability] class=1 rebase: roll=-3.4  pitch=12.1  yaw=60.7
[2052-11-10 00:00:13.214] [Stability] class=1 rebase: roll=-3.4  pitch=12.1  yaw=60.7
[2052-11-10 00:00:13.254] [Stability] class=1 rebase: roll=-3.4  pitch=12.1  yaw=60.7
[2052-11-10 00:00:13.295] [Stability] class=1 rebase: roll=-3.4  pitch=12.1  yaw=60.7
[2052-11-10 00:00:13.334] [Stability] class=1 rebase: roll=-3.4  pitch=12.1  yaw=60.7
[2052-11-10 00:00:13.375] [Stability] class=1 rebase: roll=-3.4  pitch=12.1  yaw=60.7
[2052-11-10 00:00:13.415] [Stability] class=1 rebase: roll=-3.4  pitch=12.1  yaw=60.7
[2052-11-10 00:00:13.456] [Stability] class=1 rebase: roll=-3.4  pitch=12.1  yaw=60.7
[2052-11-10 00:00:13.496] [Stability] class=1 rebase: roll=-3.4  pitch=12.1  yaw=60.7
[2052-11-10 00:00:13.535] [Stability] class=1 rebase: roll=-3.4  pitch=12.1  yaw=60.7
[2052-11-10 00:00:13.574] [Stability] class=1 rebase: roll=-3.4  pitch=12.1  yaw=60.7
[2052-11-10 00:00:13.614] [Stability] class=1 rebase: roll=-3.4  pitch=12.1  yaw=60.7
[2052-11-10 00:00:13.655] [Stability] class=1 rebase: roll=-3.4  pitch=12.1  yaw=60.7
[2052-11-10 00:00:13.695] [Stability] class=1 rebase: roll=-3.4  pitch=12.1  yaw=60.7
[2052-11-10 00:00:13.735] [Stability] class=1 rebase: roll=-3.4  pitch=12.1  yaw=60.7
[2052-11-10 00:00:13.775] [Stability] class=1 rebase: roll=-3.5  pitch=12.1  yaw=60.7
[2052-11-10 00:00:13.815] [Stability] class=1 rebase: roll=-3.4  pitch=12.1  yaw=60.7
[2052-11-10 00:00:13.855] [Stability] class=1 rebase: roll=-3.4  pitch=12.1  yaw=60.7
[2052-11-10 00:00:13.895] [Stability] class=1 rebase: roll=-3.5  pitch=12.1  yaw=60.7
[2052-11-10 00:00:13.934] [Stability] class=1 rebase: roll=-3.5  pitch=12.1  yaw=60.7
[2052-11-10 00:00:13.974] [Stability] class=1 rebase: roll=-3.5  pitch=12.1  yaw=60.7
[2052-11-10 00:00:14.015] [Stability] class=1 rebase: roll=-3.4  pitch=12.1  yaw=60.7
[2052-11-10 00:00:14.055] [Stability] class=1 rebase: roll=-3.4  pitch=12.1  yaw=60.7
[2052-11-10 00:00:14.095] [Stability] class=1 rebase: roll=-3.4  pitch=12.1  yaw=60.7
[2052-11-10 00:00:14.134] [Stability] class=1 rebase: roll=-3.4  pitch=12.1  yaw=60.7
[2052-11-10 00:00:14.175] [Stability] class=1 rebase: roll=-3.4  pitch=12.1  yaw=60.7
[2052-11-10 00:00:14.214] [Stability] class=1 rebase: roll=-3.4  pitch=12.1  yaw=60.7
[2052-11-10 00:00:14.255] [Stability] class=1 rebase: roll=-3.4  pitch=12.1  yaw=60.7
[2052-11-10 00:00:14.294] [Stability] class=1 rebase: roll=-3.4  pitch=12.1  yaw=60.7
[2052-11-10 00:00:14.333] [Stability] class=1 rebase: roll=-3.4  pitch=12.1  yaw=60.7
[2052-11-10 00:00:14.374] [Stability] class=1 rebase: roll=-3.4  pitch=12.1  yaw=60.7
[2052-11-10 00:00:14.415] [Stability] class=1 rebase: roll=-3.4  pitch=12.1  yaw=60.7
[2052-11-10 00:00:14.455] [Stability] class=1 rebase: roll=-3.4  pitch=12.1  yaw=60.7
[2052-11-10 00:00:14.495] [Stability] class=1 rebase: roll=-3.4  pitch=12.1  yaw=60.7
[2052-11-10 00:00:14.536] [Stability] class=1 rebase: roll=-3.4  pitch=12.1  yaw=60.7
[2052-11-10 00:00:14.575] [Stability] class=1 rebase: roll=-3.4  pitch=12.1  yaw=60.7
[2052-11-10 00:00:14.615] [Stability] class=1 rebase: roll=-3.4  pitch=12.1  yaw=60.7
[2052-11-10 00:00:14.654] [Stability] class=1 rebase: roll=-3.4  pitch=12.1  yaw=60.7
[2052-11-10 00:00:14.694] [Stability] class=1 rebase: roll=-3.4  pitch=12.1  yaw=60.7
[2052-11-10 00:00:14.734] [Stability] class=1 rebase: roll=-3.4  pitch=12.1  yaw=60.7
[2052-11-10 00:00:14.775] [Stability] class=1 rebase: roll=-3.4  pitch=12.1  yaw=60.7
[2052-11-10 00:00:14.814] [Stability] class=1 rebase: roll=-3.4  pitch=12.1  yaw=60.7
[2052-11-10 00:00:14.854] [Stability] class=1 rebase: roll=-3.4  pitch=12.1  yaw=60.7
[2052-11-10 00:00:14.896] [Stability] class=1 rebase: roll=-3.4  pitch=12.1  yaw=60.7
[2052-11-10 00:00:14.934] [Stability] class=1 rebase: roll=-3.4  pitch=12.1  yaw=60.7
[2052-11-10 00:00:14.974] [Stability] class=1 rebase: roll=-3.4  pitch=12.1  yaw=60.7
[2052-11-10 00:00:15.014] [Stability] class=1 rebase: roll=-3.4  pitch=12.1  yaw=60.7
[2052-11-10 00:00:15.053] [Stability] class=1 rebase: roll=-3.4  pitch=12.1  yaw=60.7
[2052-11-10 00:00:15.092] [Stability] class=1 rebase: roll=-3.4  pitch=12.1  yaw=60.7
[2052-11-10 00:00:15.134] [Stability] class=1 rebase: roll=-3.4  pitch=12.1  yaw=60.7
[2052-11-10 00:00:15.174] [Stability] class=1 rebase: roll=-3.4  pitch=12.1  yaw=60.7
[2052-11-10 00:00:15.214] [Stability] class=1 rebase: roll=-3.4  pitch=12.1  yaw=60.7
[2052-11-10 00:00:15.254] [Stability] class=1 rebase: roll=-3.4  pitch=12.1  yaw=60.7
[2052-11-10 00:00:15.294] [Stability] class=1 rebase: roll=-3.4  pitch=12.1  yaw=60.7
[2052-11-10 00:00:15.334] [Stability] class=1 rebase: roll=-3.4  pitch=12.1  yaw=60.7
[2052-11-10 00:00:15.375] [Stability] class=1 rebase: roll=-3.4  pitch=12.1  yaw=60.7
[2052-11-10 00:00:15.415] [Stability] class=1 rebase: roll=-3.4  pitch=12.1  yaw=60.7
[2052-11-10 00:00:15.453] [Stability] class=1 rebase: roll=-3.4  pitch=12.1  yaw=60.7
[2052-11-10 00:00:15.494] [Stability] class=1 rebase: roll=-3.4  pitch=12.1  yaw=60.7
[2052-11-10 00:00:15.534] [Stability] class=1 rebase: roll=-3.4  pitch=12.1  yaw=60.7
[2052-11-10 00:00:15.574] [Stability] class=1 rebase: roll=-3.4  pitch=12.1  yaw=60.7
[2052-11-10 00:00:15.615] [Stability] class=1 rebase: roll=-3.4  pitch=12.1  yaw=60.7
[2052-11-10 00:00:15.655] [Stability] class=1 rebase: roll=-3.4  pitch=12.1  yaw=60.7
[2052-11-10 00:00:15.695] [Stability] class=1 rebase: roll=-3.4  pitch=12.1  yaw=60.7
[2052-11-10 00:00:15.735] [Stability] class=1 rebase: roll=-3.4  pitch=12.1  yaw=60.7
[2052-11-10 00:00:15.774] [Stability] class=1 rebase: roll=-3.4  pitch=12.1  yaw=60.7
[2052-11-10 00:00:15.813] [Stability] class=1 rebase: roll=-3.4  pitch=12.1  yaw=60.7
[2052-11-10 00:00:15.853] [Stability] class=1 rebase: roll=-3.4  pitch=12.1  yaw=60.7
[2052-11-10 00:00:15.894] [Stability] class=1 rebase: roll=-3.4  pitch=12.1  yaw=60.7
[2052-11-10 00:00:15.935] [Stability] class=1 rebase: roll=-3.4  pitch=12.1  yaw=60.7
[2052-11-10 00:00:15.974] [Stability] class=1 rebase: roll=-3.4  pitch=12.1  yaw=60.7
[2052-11-10 00:00:16.014] [Stability] class=1 rebase: roll=-3.4  pitch=12.1  yaw=60.7
[2052-11-10 00:00:16.054] [Stability] class=1 rebase: roll=-3.4  pitch=12.1  yaw=60.7
[2052-11-10 00:00:16.094] [Stability] class=1 rebase: roll=-3.4  pitch=12.1  yaw=60.7
[2052-11-10 00:00:16.133] [Stability] class=1 rebase: roll=-3.4  pitch=12.1  yaw=60.7
[2052-11-10 00:00:16.173] [Stability] class=1 rebase: roll=-3.4  pitch=12.1  yaw=60.7
[2052-11-10 00:00:16.213] [Stability] class=1 rebase: roll=-3.4  pitch=12.1  yaw=60.7
[2052-11-10 00:00:16.253] [Stability] class=1 rebase: roll=-3.4  pitch=12.1  yaw=60.7
[2052-11-10 00:00:16.293] [Stability] class=1 rebase: roll=-3.4  pitch=12.2  yaw=60.7
[2052-11-10 00:00:16.334] [Stability] class=1 rebase: roll=-3.4  pitch=12.0  yaw=60.6
[2052-11-10 00:00:16.375] [Stability] class=1 rebase: roll=-3.4  pitch=11.5  yaw=60.4
[2052-11-10 00:00:16.414] [Stability] class=1 rebase: roll=-2.3  pitch=11.5  yaw=60.0
[2052-11-10 00:00:16.454] [Stability] class=1 rebase: roll=-1.2  pitch=11.8  yaw=60.5
[2052-11-10 00:00:17.390] [Gesture] turn_right  dRoll=16.1 deg  (disarmed roll)
[2052-11-10 00:00:18.030] [Gesture] pitch_down  dPitch=-15.2 deg  (disarmed pitch)
[2052-11-10 00:00:18.179] [Deadzone] roll re-armed at 3.6 deg (base reset)
[2052-11-10 00:00:18.939] [Gesture] turn_right  dRoll=16.4 deg  (disarmed roll)
[2052-11-10 00:00:19.619] [Deadzone] roll re-armed at 7.4 deg (base reset)

